2019-08-08 14:07:57,336 - findatapy.market.datavendorweb - INFO - Request Dukascopy data
2019-08-08 14:07:57,352 - findatapy.market.datavendorweb - INFO - About to download from Dukascopy... for EURUSD
2019-08-08 14:07:57,968 - findatapy.market.datavendorweb - INFO - Downloading... 2012-01-01 00:00:00
2019-08-08 14:08:00,756 - findatapy.market.datavendorweb - INFO - Downloading... 2012-01-02 00:00:00
2019-08-08 14:08:04,954 - findatapy.market.datavendorweb - INFO - Downloading... 2012-01-03 00:00:00
2019-08-08 14:08:09,710 - findatapy.market.datavendorweb - INFO - Downloading... 2012-01-04 00:00:00
2019-08-08 14:08:14,472 - findatapy.market.datavendorweb - INFO - Downloading... 2012-01-05 00:00:00
2019-08-08 14:08:20,261 - findatapy.market.datavendorweb - INFO - Downloading... 2012-01-06 00:00:00
2019-08-08 14:08:25,206 - findatapy.market.datavendorweb - INFO - Downloading... 2012-01-07 00:00:00
2019-08-08 14:08:27,443 - findatapy.market.datavendorweb - INFO - Downloading... 2012-01-08 00:00:00
2019-08-08 14:08:30,667 - findatapy.market.datavendorweb - INFO - Downloading... 2012-01-09 00:00:00
2019-08-08 14:08:35,361 - findatapy.market.datavendorweb - INFO - Downloading... 2012-01-10 00:00:00
2019-08-08 14:08:40,905 - findatapy.market.datavendorweb - INFO - Downloading... 2012-01-11 00:00:00
2019-08-08 14:08:46,086 - findatapy.market.datavendorweb - INFO - Downloading... 2012-01-12 00:00:00
2019-08-08 14:08:51,157 - findatapy.market.datavendorweb - INFO - Downloading... 2012-01-13 00:00:00
2019-08-08 14:08:56,668 - findatapy.market.datavendorweb - INFO - Downloading... 2012-01-14 00:00:00
2019-08-08 14:08:58,433 - findatapy.market.datavendorweb - INFO - Downloading... 2012-01-15 00:00:00
2019-08-08 14:09:00,898 - findatapy.market.datavendorweb - INFO - Request Dukascopy data
2019-08-08 14:09:00,898 - findatapy.market.datavendorweb - INFO - About to download from Dukascopy... for EURUSD
2019-08-08 14:09:00,929 - findatapy.market.datavendorweb - INFO - Downloading... 2019-08-01 00:00:00
2019-08-08 14:09:01,553 - findatapy.market.datavendorweb - INFO - Downloading... 2012-01-16 00:00:00
2019-08-08 14:09:10,497 - findatapy.market.datavendorweb - INFO - Downloading... 2019-08-02 00:00:00
2019-08-08 14:09:12,506 - findatapy.market.datavendorweb - INFO - Downloading... 2012-01-17 00:00:00
2019-08-08 14:09:20,423 - findatapy.market.datavendorweb - INFO - Downloading... 2019-08-03 00:00:00
2019-08-08 14:09:23,327 - findatapy.market.datavendorweb - INFO - Downloading... 2012-01-18 00:00:00
2019-08-08 14:09:23,362 - findatapy.market.datavendorweb - INFO - Downloading... 2019-08-04 00:00:00
2019-08-08 14:09:25,149 - findatapy.market.datavendorweb - INFO - Downloading... 2019-08-05 00:00:00
2019-08-08 14:09:33,694 - findatapy.market.datavendorweb - INFO - Downloading... 2012-01-19 00:00:00
2019-08-08 14:09:40,085 - findatapy.market.datavendorweb - INFO - Downloading... 2019-08-06 00:00:00
2019-08-08 14:09:46,135 - findatapy.market.datavendorweb - INFO - Downloading... 2012-01-20 00:00:00
2019-08-08 14:09:50,822 - findatapy.market.datavendorweb - INFO - Downloading... 2019-08-07 00:00:00
2019-08-08 14:09:55,118 - findatapy.market.datavendorweb - INFO - Downloading... 2012-01-21 00:00:00
2019-08-08 14:09:57,907 - findatapy.market.datavendorweb - INFO - Downloading... 2012-01-22 00:00:00
2019-08-08 14:10:01,267 - findatapy.market.datavendorweb - INFO - Downloading... 2012-01-23 00:00:00
2019-08-08 14:10:05,378 - findatapy.market.datavendorweb - INFO - Downloading... 2012-01-24 00:00:00
2019-08-08 14:10:09,386 - findatapy.market.datavendorweb - INFO - Downloading... 2012-01-25 00:00:00
2019-08-08 14:10:09,982 - findatapy.market.datavendorweb - INFO - Completed request from Dukascopy
2019-08-08 14:10:14,869 - findatapy.market.datavendorweb - INFO - Downloading... 2012-01-26 00:00:00
2019-08-08 14:10:17,385 - findatapy.market.ioengine - WARNING - Couldn't push MarketDataRequest_445__abstract_curve_key-None__alpha_vantage_api_key-x__category-fx__category_key-backtest_fx_dukascopy_tick_NYC_EURUSD__cut-NYC__data_source-dukascopy__environment-backtest__expiry_date-NaT__fields-bid__finish_date-2019-08-08 00:00:00__fred_api_key-x__freq-tick__freq_mult-1__gran_freq-None__quandl_api_key-x__resample-None__resample_how-last__start_date-2019-08-01 00:00:00__tickers-EURUSD__trade_side-trade__vendor_fields-None__vendor_tickers-None to Redis: Error 10061 connecting to 127.0.0.1:6379. No connection could be made because the target machine actively refused it.
2019-08-08 14:10:20,578 - findatapy.market.datavendorweb - INFO - Downloading... 2012-01-27 00:00:00
2019-08-08 14:10:24,752 - findatapy.market.datavendorweb - INFO - Downloading... 2012-01-28 00:00:00
2019-08-08 14:10:27,005 - findatapy.market.datavendorweb - INFO - Downloading... 2012-01-29 00:00:00
2019-08-08 14:10:29,405 - findatapy.market.datavendorweb - INFO - Downloading... 2012-01-30 00:00:00
2019-08-08 14:10:35,031 - findatapy.market.datavendorweb - INFO - Downloading... 2012-01-31 00:00:00
2019-08-08 14:10:41,505 - findatapy.market.datavendorweb - INFO - Downloading... 2012-02-01 00:00:00
2019-08-08 14:10:47,198 - findatapy.market.datavendorweb - INFO - Downloading... 2012-02-02 00:00:00
2019-08-08 14:10:53,647 - findatapy.market.datavendorweb - INFO - Downloading... 2012-02-03 00:00:00
2019-08-08 14:10:59,423 - findatapy.market.datavendorweb - INFO - Downloading... 2012-02-04 00:00:00
2019-08-08 14:11:01,165 - findatapy.market.datavendorweb - INFO - Downloading... 2012-02-05 00:00:00
2019-08-08 14:11:03,634 - findatapy.market.datavendorweb - INFO - Downloading... 2012-02-06 00:00:00
2019-08-08 14:11:10,173 - findatapy.market.datavendorweb - INFO - Downloading... 2012-02-07 00:00:00
2019-08-08 14:11:16,835 - findatapy.market.datavendorweb - INFO - Downloading... 2012-02-08 00:00:00
2019-08-08 14:11:22,380 - findatapy.market.datavendorweb - INFO - Downloading... 2012-02-09 00:00:00
2019-08-08 14:11:27,050 - findatapy.market.datavendorweb - INFO - Downloading... 2012-02-10 00:00:00
2019-08-08 14:11:31,469 - findatapy.market.datavendorweb - INFO - Downloading... 2012-02-11 00:00:00
2019-08-08 14:11:33,065 - findatapy.market.datavendorweb - INFO - Downloading... 2012-02-12 00:00:00
2019-08-08 14:11:35,731 - findatapy.market.datavendorweb - INFO - Downloading... 2012-02-13 00:00:00
2019-08-08 14:11:40,942 - findatapy.market.datavendorweb - INFO - Downloading... 2012-02-14 00:00:00
2019-08-08 14:13:36,839 - findatapy.market.datavendorweb - INFO - Request Dukascopy data
2019-08-08 14:13:36,855 - findatapy.market.datavendorweb - INFO - About to download from Dukascopy... for EURUSD
2019-08-08 14:13:36,949 - findatapy.market.datavendorweb - INFO - Downloading... 2019-08-01 00:00:00
2019-08-08 14:13:45,023 - findatapy.market.datavendorweb - INFO - Downloading... 2019-08-02 00:00:00
2019-08-08 14:13:55,666 - findatapy.market.datavendorweb - INFO - Downloading... 2019-08-03 00:00:00
2019-08-08 14:13:57,736 - findatapy.market.datavendorweb - INFO - Downloading... 2019-08-04 00:00:00
2019-08-08 14:13:59,870 - findatapy.market.datavendorweb - INFO - Downloading... 2019-08-05 00:00:00
2019-08-08 14:14:08,288 - findatapy.market.datavendorweb - INFO - Downloading... 2019-08-06 00:00:00
2019-08-08 14:14:16,569 - findatapy.market.datavendorweb - INFO - Completed request from Dukascopy
2019-08-08 14:14:18,789 - findatapy.market.ioengine - WARNING - Couldn't push MarketDataRequest_445__abstract_curve_key-None__alpha_vantage_api_key-x__category-fx__category_key-backtest_fx_dukascopy_tick_NYC_EURUSD__cut-NYC__data_source-dukascopy__environment-backtest__expiry_date-NaT__fields-bid__finish_date-2019-08-07 00:00:00__fred_api_key-x__freq-tick__freq_mult-1__gran_freq-None__quandl_api_key-x__resample-None__resample_how-last__start_date-2019-08-01 00:00:00__tickers-EURUSD__trade_side-trade__vendor_fields-None__vendor_tickers-None to Redis: Error 10061 connecting to 127.0.0.1:6379. No connection could be made because the target machine actively refused it.
2019-08-08 14:18:15,509 - findatapy.market.datavendorweb - INFO - Request Dukascopy data
2019-08-08 14:18:15,554 - findatapy.market.datavendorweb - INFO - About to download from Dukascopy... for EURUSD
2019-08-08 14:18:15,701 - findatapy.market.datavendorweb - INFO - Downloading... 2019-08-01 00:00:00
2019-08-08 14:18:22,933 - findatapy.market.datavendorweb - INFO - Downloading... 2019-08-02 00:00:00
2019-08-08 14:18:30,529 - findatapy.market.datavendorweb - INFO - Downloading... 2019-08-03 00:00:00
2019-08-08 14:18:32,164 - findatapy.market.datavendorweb - INFO - Downloading... 2019-08-04 00:00:00
2019-08-08 14:18:34,422 - findatapy.market.datavendorweb - INFO - Downloading... 2019-08-05 00:00:00
2019-08-08 14:18:41,426 - findatapy.market.datavendorweb - INFO - Downloading... 2019-08-06 00:00:00
2019-08-08 14:18:49,351 - findatapy.market.datavendorweb - INFO - Completed request from Dukascopy
2019-08-08 14:18:51,384 - findatapy.market.ioengine - WARNING - Couldn't push MarketDataRequest_445__abstract_curve_key-None__alpha_vantage_api_key-x__category-fx__category_key-backtest_fx_dukascopy_tick_NYC_EURUSD__cut-NYC__data_source-dukascopy__environment-backtest__expiry_date-NaT__fields-bid__finish_date-2019-08-07 00:00:00__fred_api_key-x__freq-tick__freq_mult-1__gran_freq-None__quandl_api_key-x__resample-None__resample_how-last__start_date-2019-08-01 00:00:00__tickers-EURUSD__trade_side-trade__vendor_fields-None__vendor_tickers-None to Redis: Error 10061 connecting to 127.0.0.1:6379. No connection could be made because the target machine actively refused it.
2019-08-08 14:20:45,315 - findatapy.market.datavendorweb - INFO - Request Dukascopy data
2019-08-08 14:20:45,331 - findatapy.market.datavendorweb - INFO - About to download from Dukascopy... for EURUSD
2019-08-08 14:20:45,353 - findatapy.market.datavendorweb - INFO - Downloading... 2019-08-01 00:00:00
2019-08-08 14:20:52,539 - findatapy.market.datavendorweb - INFO - Downloading... 2019-08-02 00:00:00
2019-08-08 14:21:03,608 - findatapy.market.datavendorweb - INFO - Downloading... 2019-08-03 00:00:00
2019-08-08 14:21:05,774 - findatapy.market.datavendorweb - INFO - Downloading... 2019-08-04 00:00:00
2019-08-08 14:21:07,846 - findatapy.market.datavendorweb - INFO - Downloading... 2019-08-05 00:00:00
2019-08-08 14:21:14,867 - findatapy.market.datavendorweb - INFO - Downloading... 2019-08-06 00:00:00
2019-08-08 14:21:22,019 - findatapy.market.datavendorweb - INFO - Completed request from Dukascopy
2019-08-08 14:21:23,696 - findatapy.market.ioengine - WARNING - Couldn't push MarketDataRequest_445__abstract_curve_key-None__alpha_vantage_api_key-x__category-fx__category_key-backtest_fx_dukascopy_tick_NYC_EURUSD__cut-NYC__data_source-dukascopy__environment-backtest__expiry_date-NaT__fields-bid__finish_date-2019-08-07 00:00:00__fred_api_key-x__freq-tick__freq_mult-1__gran_freq-None__quandl_api_key-x__resample-None__resample_how-last__start_date-2019-08-01 00:00:00__tickers-EURUSD__trade_side-trade__vendor_fields-None__vendor_tickers-None to Redis: Error 10061 connecting to 127.0.0.1:6379. No connection could be made because the target machine actively refused it.
2019-08-08 15:22:46,439 - findatapy.market.datavendorweb - INFO - Request Dukascopy data
2019-08-08 15:22:46,482 - findatapy.market.datavendorweb - INFO - About to download from Dukascopy... for EURUSD
2019-08-08 15:22:47,006 - findatapy.market.datavendorweb - INFO - Downloading... 2019-08-01 00:00:00
2019-08-08 15:22:53,264 - findatapy.market.datavendorweb - INFO - Downloading... 2019-08-02 00:00:00
2019-08-08 15:23:00,527 - findatapy.market.datavendorweb - INFO - Downloading... 2019-08-03 00:00:00
2019-08-08 15:23:02,485 - findatapy.market.datavendorweb - INFO - Downloading... 2019-08-04 00:00:00
2019-08-08 15:23:04,616 - findatapy.market.datavendorweb - INFO - Downloading... 2019-08-05 00:00:00
2019-08-08 15:23:11,741 - findatapy.market.datavendorweb - INFO - Downloading... 2019-08-06 00:00:00
2019-08-08 15:23:18,952 - findatapy.market.datavendorweb - INFO - Completed request from Dukascopy
2019-08-08 15:23:21,022 - findatapy.market.ioengine - WARNING - Couldn't push MarketDataRequest_445__abstract_curve_key-None__alpha_vantage_api_key-x__category-fx__category_key-backtest_fx_dukascopy_tick_NYC_EURUSD__cut-NYC__data_source-dukascopy__environment-backtest__expiry_date-NaT__fields-bid__finish_date-2019-08-07 00:00:00__fred_api_key-x__freq-tick__freq_mult-1__gran_freq-None__quandl_api_key-x__resample-None__resample_how-last__start_date-2019-08-01 00:00:00__tickers-EURUSD__trade_side-trade__vendor_fields-None__vendor_tickers-None to Redis: Error 10061 connecting to 127.0.0.1:6379. No connection could be made because the target machine actively refused it.
